<?xml version="1.0" encoding="UTF-8"?>
<!-- Generated by org.testng.reporters.JUnitReportReporter -->
<testsuite hostname="HARRIS-PC" name="TestNG.Ng_002" tests="1" failures="0" timestamp="13 Jan 2020 14:18:21 GMT" time="0.032" errors="0">
  <testcase name="ng" time="0.032" classname="TestNG.Ng_002"/>
</testsuite> <!-- TestNG.Ng_002 -->
