<?xml version="1.0" encoding="UTF-8"?>
<!-- Generated by org.testng.reporters.JUnitReportReporter -->
<testsuite hostname="HARRIS-PC" name="TestNG.Ng_001" tests="1" failures="0" timestamp="13 Jan 2020 14:22:10 GMT" time="9.839" errors="0">
  <testcase name="Login" time="9.839" classname="TestNG.Ng_001"/>
</testsuite> <!-- TestNG.Ng_001 -->
