<?xml version="1.0" encoding="UTF-8"?>
<!-- Generated by org.testng.reporters.JUnitReportReporter -->
<testsuite hostname="HARRIS-PC" name="com.hrms.TestScripts.TC_004" tests="1" failures="0" timestamp="23 Jan 2020 11:04:55 GMT" time="25.069" errors="0">
  <testcase name="tc_004" time="25.069" classname="com.hrms.TestScripts.TC_004"/>
</testsuite> <!-- com.hrms.TestScripts.TC_004 -->
