<?xml version="1.0" encoding="UTF-8"?>
<!-- Generated by org.testng.reporters.JUnitReportReporter -->
<testsuite hostname="HARRIS-PC" name="com.hrms.TestScripts.TC_002" tests="1" failures="0" timestamp="23 Jan 2020 11:07:41 GMT" time="24.445" errors="0">
  <testcase name="tc_002" time="24.445" classname="com.hrms.TestScripts.TC_002"/>
</testsuite> <!-- com.hrms.TestScripts.TC_002 -->
